TN:
SF:config/constants.js
FNF:0
FNH:0
DA:1,1
DA:2,1
DA:3,1
DA:4,1
DA:5,1
DA:6,1
DA:7,1
DA:8,1
DA:9,1
DA:10,1
DA:11,1
DA:12,1
DA:13,1
DA:14,1
DA:15,1
DA:16,1
DA:17,1
DA:18,1
DA:19,1
DA:20,1
DA:21,1
DA:22,1
DA:23,1
DA:24,1
DA:25,1
DA:26,1
DA:27,1
DA:28,1
DA:29,1
DA:30,1
DA:31,1
DA:32,1
DA:33,1
DA:34,1
DA:35,1
DA:36,1
DA:37,1
DA:38,1
DA:39,1
LF:39
LH:39
BRF:0
BRH:0
end_of_record
TN:
SF:utils/emailService.js
FN:8,EmailService
FN:15,createTransporter
FN:42,sendEmail
FN:75,sendBulkEmails
FN:87,sendMerchantWelcome
FN:100,sendPasswordReset
FN:113,sendVerificationEmail
FN:126,getMerchantWelcomeTemplate
FN:169,getPasswordResetTemplate
FN:211,getVerificationTemplate
FN:250,sendEmail
FNF:11
FNH:6
FNDA:11,EmailService
FNDA:11,createTransporter
FNDA:7,sendEmail
FNDA:2,sendBulkEmails
FNDA:1,sendMerchantWelcome
FNDA:0,sendPasswordReset
FNDA:0,sendVerificationEmail
FNDA:2,getMerchantWelcomeTemplate
FNDA:0,getPasswordResetTemplate
FNDA:0,getVerificationTemplate
FNDA:0,sendEmail
DA:1,1
DA:2,1
DA:3,1
DA:4,1
DA:5,1
DA:6,1
DA:7,1
DA:8,1
DA:9,11
DA:10,11
DA:11,1
DA:12,1
DA:13,1
DA:14,1
DA:15,1
DA:16,11
DA:17,1
DA:18,1
DA:19,1
DA:20,1
DA:21,1
DA:22,1
DA:23,1
DA:24,1
DA:25,11
DA:26,10
DA:27,10
DA:28,10
DA:29,10
DA:30,10
DA:31,10
DA:32,10
DA:33,10
DA:34,10
DA:35,10
DA:36,11
DA:37,1
DA:38,1
DA:39,1
DA:40,1
DA:41,1
DA:42,1
DA:43,7
DA:44,7
DA:45,7
DA:46,7
DA:47,7
DA:48,7
DA:49,7
DA:50,7
DA:51,7
DA:52,7
DA:53,5
DA:54,7
DA:55,0
DA:56,0
DA:57,0
DA:58,5
DA:59,5
DA:60,5
DA:61,5
DA:62,7
DA:63,7
DA:64,7
DA:65,7
DA:66,2
DA:67,2
DA:68,2
DA:69,7
DA:70,1
DA:71,1
DA:72,1
DA:73,1
DA:74,1
DA:75,1
DA:76,2
DA:77,2
DA:78,2
DA:79,2
DA:80,1
DA:81,1
DA:82,2
DA:83,1
DA:84,1
DA:85,1
DA:86,1
DA:87,1
DA:88,1
DA:89,1
DA:90,1
DA:91,1
DA:92,1
DA:93,1
DA:94,1
DA:95,1
DA:96,1
DA:97,1
DA:98,1
DA:99,1
DA:100,1
DA:101,0
DA:102,0
DA:103,0
DA:104,0
DA:105,0
DA:106,0
DA:107,0
DA:108,0
DA:109,1
DA:110,1
DA:111,1
DA:112,1
DA:113,1
DA:114,0
DA:115,0
DA:116,0
DA:117,0
DA:118,0
DA:119,0
DA:120,0
DA:121,0
DA:122,1
DA:123,1
DA:124,1
DA:125,1
DA:126,1
DA:127,2
DA:128,2
DA:129,2
DA:130,2
DA:131,2
DA:132,2
DA:133,2
DA:134,2
DA:135,2
DA:136,2
DA:137,2
DA:138,2
DA:139,2
DA:140,2
DA:141,2
DA:142,2
DA:143,2
DA:144,2
DA:145,2
DA:146,2
DA:147,2
DA:148,2
DA:149,2
DA:150,2
DA:151,2
DA:152,2
DA:153,2
DA:154,2
DA:155,2
DA:156,2
DA:157,2
DA:158,2
DA:159,2
DA:160,2
DA:161,2
DA:162,2
DA:163,2
DA:164,2
DA:165,1
DA:166,1
DA:167,1
DA:168,1
DA:169,1
DA:170,0
DA:171,0
DA:172,0
DA:173,0
DA:174,0
DA:175,0
DA:176,0
DA:177,0
DA:178,0
DA:179,0
DA:180,0
DA:181,0
DA:182,0
DA:183,0
DA:184,0
DA:185,0
DA:186,0
DA:187,0
DA:188,0
DA:189,0
DA:190,0
DA:191,0
DA:192,0
DA:193,0
DA:194,0
DA:195,0
DA:196,0
DA:197,0
DA:198,0
DA:199,0
DA:200,0
DA:201,0
DA:202,0
DA:203,0
DA:204,0
DA:205,0
DA:206,0
DA:207,1
DA:208,1
DA:209,1
DA:210,1
DA:211,1
DA:212,0
DA:213,0
DA:214,0
DA:215,0
DA:216,0
DA:217,0
DA:218,0
DA:219,0
DA:220,0
DA:221,0
DA:222,0
DA:223,0
DA:224,0
DA:225,0
DA:226,0
DA:227,0
DA:228,0
DA:229,0
DA:230,0
DA:231,0
DA:232,0
DA:233,0
DA:234,0
DA:235,0
DA:236,0
DA:237,0
DA:238,0
DA:239,0
DA:240,0
DA:241,0
DA:242,0
DA:243,0
DA:244,1
DA:245,1
DA:246,1
DA:247,1
DA:248,1
DA:249,1
DA:250,1
DA:251,1
DA:252,1
DA:253,1
DA:254,1
DA:255,1
DA:256,1
LF:256
LH:168
BRDA:8,0,0,11
BRDA:15,1,0,11
BRDA:16,2,0,1
BRDA:25,3,0,10
BRDA:42,4,0,7
BRDA:52,5,0,5
BRDA:54,6,0,0
BRDA:57,7,0,5
BRDA:62,8,0,0
BRDA:62,9,0,5
BRDA:65,10,0,2
BRDA:75,11,0,2
BRDA:79,12,0,1
BRDA:77,13,0,4
BRDA:87,14,0,1
BRDA:126,15,0,2
BRF:16
BRH:14
end_of_record
